<?xml version="1.0" encoding="UTF-8"?>
<!-- Generated by org.testng.reporters.JUnitXMLReporter -->
<testsuite hostname="DESKTOP-A6GIKER" ignored="10" name="Default test" tests="8" failures="0" timestamp="2022-11-30T03:48:30 IST" time="176.877" errors="0">
  <testcase name="AdminHomeTest" time="20.339" classname="testcases.AdminHomePageTest"/>
  <testcase name="ViewProductTest" time="37.336" classname="testcases.ViewProductPageTest"/>
  <testcase name="UserHomeTest" time="20.34" classname="testcases.UserHomePageTest"/>
  <testcase name="ManageProductTest" time="26.763" classname="testcases.ManageProductPageTest"/>
  <testcase name="LoginSuccessTest" time="9.523" classname="testcases.LoginPageTest"/>
  <testcase name="LoginValidationTest" time="9.463" classname="testcases.LoginPageTest"/>
  <testcase name="LoginValidationTest1" time="7.32" classname="testcases.LoginPageTest"/>
  <testcase name="LoginValidationTest2" time="7.288" classname="testcases.LoginPageTest"/>
  <testcase name="@BeforeTest DataSetUP" time="0.0" classname="testcases.BaseClass">
    <ignored/>
  </testcase> <!-- @BeforeTest DataSetUP -->
  <testcase name="@BeforeTest DataSetUP" time="0.0" classname="testcases.BaseClass">
    <ignored/>
  </testcase> <!-- @BeforeTest DataSetUP -->
  <testcase name="@AfterTest DataTearDown" time="0.0" classname="testcases.BaseClass">
    <ignored/>
  </testcase> <!-- @AfterTest DataTearDown -->
  <testcase name="@BeforeTest DataSetUP" time="0.0" classname="testcases.BaseClass">
    <ignored/>
  </testcase> <!-- @BeforeTest DataSetUP -->
  <testcase name="@AfterTest DataTearDown" time="0.0" classname="testcases.BaseClass">
    <ignored/>
  </testcase> <!-- @AfterTest DataTearDown -->
  <testcase name="@BeforeTest DataSetUP" time="0.0" classname="testcases.BaseClass">
    <ignored/>
  </testcase> <!-- @BeforeTest DataSetUP -->
  <testcase name="@AfterTest DataTearDown" time="0.0" classname="testcases.BaseClass">
    <ignored/>
  </testcase> <!-- @AfterTest DataTearDown -->
  <testcase name="@BeforeTest DataSetUP" time="0.0" classname="testcases.BaseClass">
    <ignored/>
  </testcase> <!-- @BeforeTest DataSetUP -->
  <testcase name="@AfterTest DataTearDown" time="0.0" classname="testcases.BaseClass">
    <ignored/>
  </testcase> <!-- @AfterTest DataTearDown -->
  <testcase name="@AfterTest DataTearDown" time="0.0" classname="testcases.BaseClass">
    <ignored/>
  </testcase> <!-- @AfterTest DataTearDown -->
</testsuite> <!-- Default test -->
