<?xml version="1.0" encoding="UTF-8"?>
<testng-results skipped="0" failed="0" ignored="10" total="18" passed="8">
  <reporter-output>
  </reporter-output>
  <suite name="Default suite" duration-ms="176877" started-at="2022-11-30T03:45:33 IST" finished-at="2022-11-30T03:48:30 IST">
    <groups>
    </groups>
    <test name="Default test" duration-ms="176877" started-at="2022-11-30T03:45:33 IST" finished-at="2022-11-30T03:48:30 IST">
      <class name="testcases.AdminHomePageTest">
        <test-method status="PASS" signature="DataSetUP()[pri:0, instance:testcases.AdminHomePageTest@7a30d1e6]" name="DataSetUP" is-config="true" duration-ms="452" started-at="2022-11-30T03:45:33 IST" finished-at="2022-11-30T03:45:34 IST">
          <reporter-output>
          </reporter-output>
        </test-method> <!-- DataSetUP -->
        <test-method status="PASS" signature="SetUp(java.lang.reflect.Method)[pri:0, instance:testcases.AdminHomePageTest@7a30d1e6]" name="SetUp" is-config="true" duration-ms="5433" started-at="2022-11-30T03:45:34 IST" finished-at="2022-11-30T03:45:39 IST">
          <params>
            <param index="0">
              <value>
                <![CDATA[public void testcases.AdminHomePageTest.AdminHomeTest() throws java.lang.InterruptedException]]>
              </value>
            </param>
          </params>
          <reporter-output>
          </reporter-output>
        </test-method> <!-- SetUp -->
        <test-method status="PASS" signature="AdminHomeTest()[pri:0, instance:testcases.AdminHomePageTest@7a30d1e6]" name="AdminHomeTest" duration-ms="20339" started-at="2022-11-30T03:45:39 IST" finished-at="2022-11-30T03:45:59 IST">
          <reporter-output>
          </reporter-output>
        </test-method> <!-- AdminHomeTest -->
        <test-method status="PASS" signature="TearDown()[pri:0, instance:testcases.AdminHomePageTest@7a30d1e6]" name="TearDown" is-config="true" duration-ms="651" started-at="2022-11-30T03:45:59 IST" finished-at="2022-11-30T03:46:00 IST">
          <reporter-output>
          </reporter-output>
        </test-method> <!-- TearDown -->
        <test-method status="PASS" signature="DataTearDown()[pri:0, instance:testcases.AdminHomePageTest@7a30d1e6]" name="DataTearDown" is-config="true" duration-ms="199" started-at="2022-11-30T03:48:30 IST" finished-at="2022-11-30T03:48:30 IST">
          <reporter-output>
          </reporter-output>
        </test-method> <!-- DataTearDown -->
      </class> <!-- testcases.AdminHomePageTest -->
      <class name="testcases.ViewProductPageTest">
        <test-method status="PASS" signature="SetUp(java.lang.reflect.Method)[pri:0, instance:testcases.ViewProductPageTest@4e718207]" name="SetUp" is-config="true" duration-ms="3773" started-at="2022-11-30T03:46:00 IST" finished-at="2022-11-30T03:46:04 IST">
          <params>
            <param index="0">
              <value>
                <![CDATA[public void testcases.ViewProductPageTest.ViewProductTest() throws java.lang.InterruptedException]]>
              </value>
            </param>
          </params>
          <reporter-output>
          </reporter-output>
        </test-method> <!-- SetUp -->
        <test-method status="PASS" signature="ViewProductTest()[pri:0, instance:testcases.ViewProductPageTest@4e718207]" name="ViewProductTest" duration-ms="37336" started-at="2022-11-30T03:46:04 IST" finished-at="2022-11-30T03:46:41 IST">
          <reporter-output>
          </reporter-output>
        </test-method> <!-- ViewProductTest -->
        <test-method status="PASS" signature="TearDown()[pri:0, instance:testcases.ViewProductPageTest@4e718207]" name="TearDown" is-config="true" duration-ms="679" started-at="2022-11-30T03:46:41 IST" finished-at="2022-11-30T03:46:42 IST">
          <reporter-output>
          </reporter-output>
        </test-method> <!-- TearDown -->
      </class> <!-- testcases.ViewProductPageTest -->
      <class name="testcases.UserHomePageTest">
        <test-method status="PASS" signature="SetUp(java.lang.reflect.Method)[pri:0, instance:testcases.UserHomePageTest@1d371b2d]" name="SetUp" is-config="true" duration-ms="3792" started-at="2022-11-30T03:46:42 IST" finished-at="2022-11-30T03:46:46 IST">
          <params>
            <param index="0">
              <value>
                <![CDATA[public void testcases.UserHomePageTest.UserHomeTest() throws java.lang.InterruptedException]]>
              </value>
            </param>
          </params>
          <reporter-output>
          </reporter-output>
        </test-method> <!-- SetUp -->
        <test-method status="PASS" signature="UserHomeTest()[pri:0, instance:testcases.UserHomePageTest@1d371b2d]" name="UserHomeTest" duration-ms="20340" started-at="2022-11-30T03:46:46 IST" finished-at="2022-11-30T03:47:06 IST">
          <reporter-output>
          </reporter-output>
        </test-method> <!-- UserHomeTest -->
        <test-method status="PASS" signature="TearDown()[pri:0, instance:testcases.UserHomePageTest@1d371b2d]" name="TearDown" is-config="true" duration-ms="666" started-at="2022-11-30T03:47:06 IST" finished-at="2022-11-30T03:47:07 IST">
          <reporter-output>
          </reporter-output>
        </test-method> <!-- TearDown -->
      </class> <!-- testcases.UserHomePageTest -->
      <class name="testcases.ManageProductPageTest">
        <test-method status="PASS" signature="SetUp(java.lang.reflect.Method)[pri:0, instance:testcases.ManageProductPageTest@543c6f6d]" name="SetUp" is-config="true" duration-ms="3777" started-at="2022-11-30T03:47:07 IST" finished-at="2022-11-30T03:47:10 IST">
          <params>
            <param index="0">
              <value>
                <![CDATA[public void testcases.ManageProductPageTest.ManageProductTest() throws java.lang.InterruptedException]]>
              </value>
            </param>
          </params>
          <reporter-output>
          </reporter-output>
        </test-method> <!-- SetUp -->
        <test-method status="PASS" signature="ManageProductTest()[pri:0, instance:testcases.ManageProductPageTest@543c6f6d]" name="ManageProductTest" duration-ms="26763" started-at="2022-11-30T03:47:10 IST" finished-at="2022-11-30T03:47:37 IST">
          <reporter-output>
          </reporter-output>
        </test-method> <!-- ManageProductTest -->
        <test-method status="PASS" signature="TearDown()[pri:0, instance:testcases.ManageProductPageTest@543c6f6d]" name="TearDown" is-config="true" duration-ms="666" started-at="2022-11-30T03:47:37 IST" finished-at="2022-11-30T03:47:38 IST">
          <reporter-output>
          </reporter-output>
        </test-method> <!-- TearDown -->
      </class> <!-- testcases.ManageProductPageTest -->
      <class name="testcases.LoginPageTest">
        <test-method status="PASS" signature="SetUp(java.lang.reflect.Method)[pri:0, instance:testcases.LoginPageTest@51c8530f]" name="SetUp" is-config="true" duration-ms="3776" started-at="2022-11-30T03:47:38 IST" finished-at="2022-11-30T03:47:42 IST">
          <params>
            <param index="0">
              <value>
                <![CDATA[public void testcases.LoginPageTest.LoginSuccessTest() throws java.lang.InterruptedException]]>
              </value>
            </param>
          </params>
          <reporter-output>
          </reporter-output>
        </test-method> <!-- SetUp -->
        <test-method status="PASS" signature="LoginSuccessTest()[pri:0, instance:testcases.LoginPageTest@51c8530f]" name="LoginSuccessTest" duration-ms="9523" started-at="2022-11-30T03:47:42 IST" finished-at="2022-11-30T03:47:51 IST">
          <reporter-output>
          </reporter-output>
        </test-method> <!-- LoginSuccessTest -->
        <test-method status="PASS" signature="TearDown()[pri:0, instance:testcases.LoginPageTest@51c8530f]" name="TearDown" is-config="true" duration-ms="668" started-at="2022-11-30T03:47:51 IST" finished-at="2022-11-30T03:47:52 IST">
          <reporter-output>
          </reporter-output>
        </test-method> <!-- TearDown -->
        <test-method status="PASS" signature="SetUp(java.lang.reflect.Method)[pri:0, instance:testcases.LoginPageTest@51c8530f]" name="SetUp" is-config="true" duration-ms="3764" started-at="2022-11-30T03:47:52 IST" finished-at="2022-11-30T03:47:56 IST">
          <params>
            <param index="0">
              <value>
                <![CDATA[public void testcases.LoginPageTest.LoginValidationTest() throws java.lang.InterruptedException]]>
              </value>
            </param>
          </params>
          <reporter-output>
          </reporter-output>
        </test-method> <!-- SetUp -->
        <test-method status="PASS" signature="LoginValidationTest()[pri:0, instance:testcases.LoginPageTest@51c8530f]" name="LoginValidationTest" duration-ms="9463" started-at="2022-11-30T03:47:56 IST" finished-at="2022-11-30T03:48:05 IST">
          <reporter-output>
          </reporter-output>
        </test-method> <!-- LoginValidationTest -->
        <test-method status="PASS" signature="TearDown()[pri:0, instance:testcases.LoginPageTest@51c8530f]" name="TearDown" is-config="true" duration-ms="642" started-at="2022-11-30T03:48:05 IST" finished-at="2022-11-30T03:48:06 IST">
          <reporter-output>
          </reporter-output>
        </test-method> <!-- TearDown -->
        <test-method status="PASS" signature="SetUp(java.lang.reflect.Method)[pri:0, instance:testcases.LoginPageTest@51c8530f]" name="SetUp" is-config="true" duration-ms="4431" started-at="2022-11-30T03:48:06 IST" finished-at="2022-11-30T03:48:10 IST">
          <params>
            <param index="0">
              <value>
                <![CDATA[public void testcases.LoginPageTest.LoginValidationTest1() throws java.lang.InterruptedException]]>
              </value>
            </param>
          </params>
          <reporter-output>
          </reporter-output>
        </test-method> <!-- SetUp -->
        <test-method status="PASS" signature="LoginValidationTest1()[pri:0, instance:testcases.LoginPageTest@51c8530f]" name="LoginValidationTest1" duration-ms="7320" started-at="2022-11-30T03:48:10 IST" finished-at="2022-11-30T03:48:18 IST">
          <reporter-output>
          </reporter-output>
        </test-method> <!-- LoginValidationTest1 -->
        <test-method status="PASS" signature="TearDown()[pri:0, instance:testcases.LoginPageTest@51c8530f]" name="TearDown" is-config="true" duration-ms="659" started-at="2022-11-30T03:48:18 IST" finished-at="2022-11-30T03:48:18 IST">
          <reporter-output>
          </reporter-output>
        </test-method> <!-- TearDown -->
        <test-method status="PASS" signature="SetUp(java.lang.reflect.Method)[pri:0, instance:testcases.LoginPageTest@51c8530f]" name="SetUp" is-config="true" duration-ms="3777" started-at="2022-11-30T03:48:18 IST" finished-at="2022-11-30T03:48:22 IST">
          <params>
            <param index="0">
              <value>
                <![CDATA[public void testcases.LoginPageTest.LoginValidationTest2() throws java.lang.InterruptedException]]>
              </value>
            </param>
          </params>
          <reporter-output>
          </reporter-output>
        </test-method> <!-- SetUp -->
        <test-method status="PASS" signature="LoginValidationTest2()[pri:0, instance:testcases.LoginPageTest@51c8530f]" name="LoginValidationTest2" duration-ms="7288" started-at="2022-11-30T03:48:22 IST" finished-at="2022-11-30T03:48:29 IST">
          <reporter-output>
          </reporter-output>
        </test-method> <!-- LoginValidationTest2 -->
        <test-method status="PASS" signature="TearDown()[pri:0, instance:testcases.LoginPageTest@51c8530f]" name="TearDown" is-config="true" duration-ms="657" started-at="2022-11-30T03:48:29 IST" finished-at="2022-11-30T03:48:30 IST">
          <reporter-output>
          </reporter-output>
        </test-method> <!-- TearDown -->
      </class> <!-- testcases.LoginPageTest -->
    </test> <!-- Default test -->
  </suite> <!-- Default suite -->
</testng-results>
